f:\aaa_eee\mek\project\mekcodec\x64\debug\vc140.pdb
f:\aaa_eee\mek\project\mekcodec\x64\debug\vc140.idb
f:\aaa_eee\mek\project\mekcodec\x64\debug\dllmain.obj
f:\aaa_eee\mek\project\mekcodec\x64\debug\mekcodec.obj
f:\aaa_eee\mek\project\mekcodec\x64\debug\mekplayer.obj
f:\aaa_eee\mek\project\mekcodec\x64\debug\mekqueue.obj
f:\aaa_eee\mek\project\mekcodec\x64\debug\mekspliter.obj
f:\aaa_eee\mek\project\mekcodec\x64\debug\stdafx.obj
f:\aaa_eee\mek\bin\x64\debug\mekcodec.ilk
f:\aaa_eee\mek\bin\x64\debug\mekcodec.dll
f:\aaa_eee\mek\pdb\mekcodec.pdb
f:\aaa_eee\mek\lib\mekcodec.lib
f:\aaa_eee\mek\lib\mekcodec.exp
f:\aaa_eee\mek\project\mekcodec\x64\debug\mekcodec.res
f:\aaa_eee\mek\project\mekcodec\../../bin/x64\debug\mekcodec.dll
f:\aaa_eee\mek\project\mekcodec\x64\debug\mekcodec.tlog\cl.command.1.tlog
f:\aaa_eee\mek\project\mekcodec\x64\debug\mekcodec.tlog\cl.read.1.tlog
f:\aaa_eee\mek\project\mekcodec\x64\debug\mekcodec.tlog\cl.write.1.tlog
f:\aaa_eee\mek\project\mekcodec\x64\debug\mekcodec.tlog\link.command.1.tlog
f:\aaa_eee\mek\project\mekcodec\x64\debug\mekcodec.tlog\link.read.1.tlog
f:\aaa_eee\mek\project\mekcodec\x64\debug\mekcodec.tlog\link.write.1.tlog
f:\aaa_eee\mek\project\mekcodec\x64\debug\mekcodec.tlog\mekcodec.write.1u.tlog
f:\aaa_eee\mek\project\mekcodec\x64\debug\mekcodec.tlog\rc.command.1.tlog
f:\aaa_eee\mek\project\mekcodec\x64\debug\mekcodec.tlog\rc.read.1.tlog
f:\aaa_eee\mek\project\mekcodec\x64\debug\mekcodec.tlog\rc.write.1.tlog
